<?xml version="1.0" encoding="UTF-8"?>
<!-- Generated by org.testng.reporters.JUnitXMLReporter -->
<testsuite hostname="Lenovo-PC" ignored="0" name="grouptest" tests="3" failures="3" timestamp="06 Oct 2020 19:41:00 GMT" time="0.101" errors="0">
  <testcase name="login" time="0.015" classname="com.testngconcepts.grpsconcepts">
    <failure type="java.lang.NullPointerException">
      <![CDATA[java.lang.NullPointerException
at com.testngconcepts.grpsconcepts.login(grpsconcepts.java:39)
... Removed 25 stack frames]]>
    </failure>
  </testcase> <!-- login -->
  <testcase name="verifyloginbutton" time="0.0" classname="com.testngconcepts.grpsconcepts">
    <failure type="java.lang.NullPointerException">
      <![CDATA[java.lang.NullPointerException
at com.testngconcepts.grpsconcepts.verifyloginbutton(grpsconcepts.java:47)
... Removed 25 stack frames]]>
    </failure>
  </testcase> <!-- verifyloginbutton -->
  <testcase name="verifytitleofloginpage" time="0.0" classname="com.testngconcepts.grpsconcepts">
    <failure type="java.lang.NullPointerException">
      <![CDATA[java.lang.NullPointerException
at com.testngconcepts.grpsconcepts.verifytitleofloginpage(grpsconcepts.java:31)
... Removed 25 stack frames]]>
    </failure>
  </testcase> <!-- verifytitleofloginpage -->
</testsuite> <!-- grouptest -->
