<?xml version="1.0" encoding="UTF-8"?>
<!-- Generated by org.testng.reporters.JUnitXMLReporter -->
<testsuite hostname="Lenovo-PC" ignored="1" name="test" tests="2" failures="0" timestamp="07 Oct 2020 05:44:20 GMT" time="0.142" errors="0">
  <testcase name="testMethodOne" time="0.026" classname="com.testngconcepts.grpconcept"/>
  <testcase name="testMethodThree" time="0.01" classname="com.testngconcepts.grpconcept"/>
  <testcase name="testMethodTwo" time="0.0" classname="com.testngconcepts.grpconcept">
    <ignored/>
  </testcase> <!-- testMethodTwo -->
</testsuite> <!-- test -->
