<?xml version="1.0" encoding="UTF-8"?>
<!-- Generated by org.testng.reporters.JUnitXMLReporter -->
<testsuite hostname="Lenovo-PC" ignored="1" name="Default test" tests="2" failures="0" timestamp="07 Oct 2020 06:08:26 GMT" time="0.126" errors="0">
  <testcase name="testMethodOne" time="0.027" classname="com.testngconcepts.Enabledisable"/>
  <testcase name="testMethodThree" time="0.013" classname="com.testngconcepts.Enabledisable"/>
  <testcase name="testMethodTwo" time="0.0" classname="com.testngconcepts.Enabledisable">
    <ignored/>
  </testcase> <!-- testMethodTwo -->
</testsuite> <!-- Default test -->
